<?xml version="1.0" encoding="UTF-8"?>
<!-- Generated by org.testng.reporters.JUnitReportReporter -->
<testsuite hostname="Sysnik_D036" name="savingsAccountCreation.SavingsAccountCreationTestCases" tests="2" failures="0" timestamp="18 Nov 2019 06:12:52 GMT" time="58.589" errors="0">
  <testcase name="SavingsAccountAuthorizationE2EFlow" time="30.163" classname="savingsAccountCreation.SavingsAccountCreationTestCases"/>
  <testcase name="SavingsAccountCreationE2EFlow" time="28.426" classname="savingsAccountCreation.SavingsAccountCreationTestCases"/>
</testsuite> <!-- savingsAccountCreation.SavingsAccountCreationTestCases -->
