<?xml version="1.0" encoding="UTF-8"?>
<!-- Generated by org.testng.reporters.JUnitReportReporter -->
<testsuite hostname="Sysnik_D036" name="adhocLimit.AdhocLimitTestCases" tests="1" failures="0" timestamp="28 Aug 2019 06:36:48 GMT" time="4.064" errors="0">
  <testcase name="blackListingE2EFlow" time="4.064" classname="adhocLimit.AdhocLimitTestCases"/>
</testsuite> <!-- adhocLimit.AdhocLimitTestCases -->
