<?xml version="1.0" encoding="UTF-8"?>
<!-- Generated by org.testng.reporters.JUnitReportReporter -->
<testsuite hostname="Sysnik_D036" name="lienNoting.LienNotingTestCases" tests="5" failures="0" timestamp="18 Nov 2019 06:12:52 GMT" time="36.579" errors="0">
  <testcase name="validateModelResponse" time="10.968" classname="lienNoting.LienNotingTestCases"/>
  <testcase name="tableVerificationOnSubmitInLienNoting" time="0.036" classname="lienNoting.LienNotingTestCases"/>
  <testcase name="customerInfoVerificationInLienNoting" time="18.118" classname="lienNoting.LienNotingTestCases"/>
  <testcase name="validateRemaingLienAmount" time="6.966" classname="lienNoting.LienNotingTestCases"/>
  <testcase name="depositDetailsVerificationInLienNoting" time="0.491" classname="lienNoting.LienNotingTestCases"/>
</testsuite> <!-- lienNoting.LienNotingTestCases -->
