<?xml version="1.0" encoding="UTF-8"?>
<!-- Generated by org.testng.reporters.JUnitReportReporter -->
<testsuite hostname="Sysnik_D036" name="lienNoting.LienRevokeTestCases" tests="3" failures="0" timestamp="18 Nov 2019 06:12:52 GMT" time="32.489" errors="0">
  <testcase name="modelResponseVerificationinLienRevoke" time="11.592" classname="lienNoting.LienRevokeTestCases"/>
  <testcase name="LienRevokeInfoVerification" time="20.883" classname="lienNoting.LienRevokeTestCases"/>
  <testcase name="tableVerificationsInLienRevoke" time="0.014" classname="lienNoting.LienRevokeTestCases"/>
</testsuite> <!-- lienNoting.LienRevokeTestCases -->
