<?xml version="1.0" encoding="UTF-8"?>
<!-- Generated by org.testng.reporters.JUnitReportReporter -->
<testsuite hostname="SYS-SRIRAJA-PC" name="sysnik.GoogleSearch" tests="1" failures="0" timestamp="10 Apr 2019 07:16:43 GMT" time="13.393" errors="0">
  <testcase name="s" time="13.393" classname="sysnik.GoogleSearch"/>
</testsuite> <!-- sysnik.GoogleSearch -->
