<?xml version="1.0" encoding="UTF-8"?>
<!-- Generated by org.testng.reporters.JUnitReportReporter -->
<testsuite hostname="SYS-SRIRAJA-PC" name="sprintOne.MasterMaintenaceTitleVerification" tests="1" failures="0" timestamp="17 Apr 2019 06:56:11 GMT" time="7.623" errors="0">
  <testcase name="startReport" time="7.623" classname="sprintOne.MasterMaintenaceTitleVerification"/>
</testsuite> <!-- sprintOne.MasterMaintenaceTitleVerification -->
