<?xml version="1.0" encoding="UTF-8"?>
<!-- Generated by org.testng.reporters.JUnitReportReporter -->
<testsuite hostname="Sysnik_D036" name="tdCalculator.TdCalculatorTestCases" tests="12" failures="0" timestamp="18 Nov 2019 06:12:52 GMT" time="71.846" errors="0">
  <testcase name="InstallMentAmountE2eFlowWithOutDiscount" time="4.992" classname="tdCalculator.TdCalculatorTestCases"/>
  <testcase name="InstallMentAmountE2eCompoundQuaterly" time="4.920" classname="tdCalculator.TdCalculatorTestCases"/>
  <testcase name="InterestRateE2EFlow" time="5.326" classname="tdCalculator.TdCalculatorTestCases"/>
  <testcase name="MaturityAmountE2EFlowWithOutDiscount" time="4.989" classname="tdCalculator.TdCalculatorTestCases"/>
  <testcase name="DepositPeriodE2EFlowwithoutDiscount" time="4.495" classname="tdCalculator.TdCalculatorTestCases"/>
  <testcase name="InterestRateE2EFlowCompoundQuaterly" time="4.910" classname="tdCalculator.TdCalculatorTestCases"/>
  <testcase name="InterestRateE2EFlowWithOutDiscount" time="4.953" classname="tdCalculator.TdCalculatorTestCases"/>
  <testcase name="MaturityAmountE2EFlow" time="17.042" classname="tdCalculator.TdCalculatorTestCases"/>
  <testcase name="DepositPeriodE2EFlowCompoundQuaterly" time="5.014" classname="tdCalculator.TdCalculatorTestCases"/>
  <testcase name="InstallmentAmountE2EFlow" time="5.351" classname="tdCalculator.TdCalculatorTestCases"/>
  <testcase name="MaturityAmountE2EFlowCompoundQuaterly" time="5.074" classname="tdCalculator.TdCalculatorTestCases"/>
  <testcase name="DepositPeriodE2EFlow" time="4.780" classname="tdCalculator.TdCalculatorTestCases"/>
</testsuite> <!-- tdCalculator.TdCalculatorTestCases -->
