<?xml version="1.0" encoding="UTF-8"?>
<!-- Generated by org.testng.reporters.JUnitReportReporter -->
<testsuite hostname="Sysnik_D036" name="lienNoting.LienRevokeAuthorizationTestCases" tests="3" failures="0" timestamp="18 Nov 2019 06:12:52 GMT" time="27.104" errors="0">
  <testcase name="LienRevokeInfoVerification" time="16.280" classname="lienNoting.LienRevokeAuthorizationTestCases"/>
  <testcase name="tableVerificationsInLienRevoke" time="0.014" classname="lienNoting.LienRevokeAuthorizationTestCases"/>
  <testcase name="modelResponseVerificationinLienRevoke" time="10.810" classname="lienNoting.LienRevokeAuthorizationTestCases"/>
</testsuite> <!-- lienNoting.LienRevokeAuthorizationTestCases -->
