<?xml version="1.0" encoding="UTF-8"?>
<!-- Generated by org.testng.reporters.JUnitReportReporter -->
<testsuite hostname="Sysnik_D036" name="sysnik.QueryTesting" tests="1" failures="0" timestamp="19 Nov 2019 05:01:44 GMT" time="0.323" errors="0">
  <testcase name="fireQuery" time="0.323" classname="sysnik.QueryTesting"/>
</testsuite> <!-- sysnik.QueryTesting -->
