<?xml version="1.0" encoding="UTF-8"?>
<!-- Generated by org.testng.reporters.JUnitReportReporter -->
<testsuite hostname="Sysnik_D036" name="adhocLimit.AdhocLimitAuthTestCases" tests="3" failures="0" timestamp="18 Nov 2019 06:12:52 GMT" time="25.332" errors="0">
  <testcase name="SubmitAdhocLimitAuth" time="10.859" classname="adhocLimit.AdhocLimitAuthTestCases"/>
  <testcase name="ValidateAdhocAuthTableDetails" time="0.040" classname="adhocLimit.AdhocLimitAuthTestCases"/>
  <testcase name="ValidateAdhocAuthScreenDetails" time="14.433" classname="adhocLimit.AdhocLimitAuthTestCases"/>
</testsuite> <!-- adhocLimit.AdhocLimitAuthTestCases -->
