<?xml version="1.0" encoding="UTF-8"?>
<!-- Generated by org.testng.reporters.JUnitReportReporter -->
<testsuite hostname="SYS-SRIRAJA-PC" name="rdAccount.RdAccountOpening" tests="2" failures="0" timestamp="12 Apr 2019 10:06:21 GMT" time="22.137" errors="0">
  <testcase name="labelVerification" time="7.175" classname="rdAccount.RdAccountOpening"/>
  <testcase name="e2eFlow" time="14.962" classname="rdAccount.RdAccountOpening"/>
</testsuite> <!-- rdAccount.RdAccountOpening -->
