<?xml version="1.0" encoding="UTF-8"?>
<!-- Generated by org.testng.reporters.JUnitReportReporter -->
<testsuite hostname="SYS-SRIRAJA-PC" name="sprintOne.TablesLabelVerification" tests="7" failures="0" timestamp="17 Apr 2019 06:56:11 GMT" time="11.184" errors="0">
  <testcase name="users" time="1.422" classname="sprintOne.TablesLabelVerification"/>
  <testcase name="Customer" time="1.838" classname="sprintOne.TablesLabelVerification"/>
  <testcase name="branchMaster" time="0.990" classname="sprintOne.TablesLabelVerification"/>
  <testcase name="gLAccount" time="1.600" classname="sprintOne.TablesLabelVerification"/>
  <testcase name="BANKPARAMETERS" time="0.967" classname="sprintOne.TablesLabelVerification"/>
  <testcase name="sbBranchDef" time="0.980" classname="sprintOne.TablesLabelVerification"/>
  <testcase name="bookings" time="3.387" classname="sprintOne.TablesLabelVerification"/>
</testsuite> <!-- sprintOne.TablesLabelVerification -->
