<?xml version="1.0" encoding="UTF-8"?>
<!-- Generated by org.testng.reporters.JUnitReportReporter -->
<testsuite hostname="SYS-SRIRAJA-PC" name="sprintOne.BranchMasterLabelVerification" tests="1" failures="0" timestamp="17 Apr 2019 06:20:01 GMT" time="0.914" errors="0">
  <testcase name="postiveFlowVerification" time="0.914" classname="sprintOne.BranchMasterLabelVerification"/>
</testsuite> <!-- sprintOne.BranchMasterLabelVerification -->
