<?xml version="1.0" encoding="UTF-8"?>
<!-- Generated by org.testng.reporters.JUnitReportReporter -->
<testsuite hostname="SYS-SRIRAJA-PC" name="denominationVerification.DenominationTestCases" tests="3" failures="0" timestamp="24 Jul 2019 12:31:02 GMT" time="21.903" errors="0">
  <testcase name="userDenomTransferAmountVerification" time="2.128" classname="denominationVerification.DenominationTestCases"/>
  <testcase name="userDenomNoOfNotesVerification" time="3.962" classname="denominationVerification.DenominationTestCases"/>
  <testcase name="userWiseDenomVerification" time="15.813" classname="denominationVerification.DenominationTestCases"/>
</testsuite> <!-- denominationVerification.DenominationTestCases -->
