<?xml version="1.0" encoding="UTF-8"?>
<!-- Generated by org.testng.reporters.JUnitReportReporter -->
<testsuite hostname="SYS-SRIRAJA-PC" name="tlAccount.TlAccountOpening" tests="1" failures="0" timestamp="11 Apr 2019 12:58:36 GMT" time="17.089" errors="0">
  <testcase name="labelVerification" time="17.089" classname="tlAccount.TlAccountOpening"/>
</testsuite> <!-- tlAccount.TlAccountOpening -->
