<?xml version="1.0" encoding="UTF-8"?>
<!-- Generated by org.testng.reporters.JUnitReportReporter -->
<testsuite hostname="Sysnik_D036" name="sysnik.DbSingleConnection" tests="1" failures="0" timestamp="20 Sep 2019 09:08:35 GMT" time="28.216" errors="0">
  <testcase name="trdt" time="28.216" classname="sysnik.DbSingleConnection"/>
</testsuite> <!-- sysnik.DbSingleConnection -->
