<?xml version="1.0" encoding="UTF-8"?>
<!-- Generated by org.testng.reporters.JUnitReportReporter -->
<testsuite hostname="Sysnik_D036" name="ODAccountOpening.ODAccountOpeningTestCases" tests="1" failures="0" timestamp="1 Nov 2019 07:17:30 GMT" time="4.614" errors="0">
  <testcase name="E2E" time="4.614" classname="ODAccountOpening.ODAccountOpeningTestCases"/>
</testsuite> <!-- ODAccountOpening.ODAccountOpeningTestCases -->
