<?xml version="1.0" encoding="UTF-8"?>
<!-- Generated by org.testng.reporters.JUnitReportReporter -->
<testsuite hostname="Sysnik_D036" name="rdAccountOpening.RDAccountAuthTestCases" tests="1" failures="0" timestamp="23 Nov 2019 13:37:34 GMT" time="17.192" errors="0">
  <testcase name="RdAuthScreenVerification" time="17.192" classname="rdAccountOpening.RDAccountAuthTestCases"/>
</testsuite> <!-- rdAccountOpening.RDAccountAuthTestCases -->
