<?xml version="1.0" encoding="UTF-8"?>
<!-- Generated by org.testng.reporters.JUnitReportReporter -->
<testsuite hostname="SYS-SRIRAJA-PC" name="sampleTestCases.TestCaseOne" tests="1" failures="0" timestamp="26 Mar 2019 12:05:18 GMT" time="3.389" errors="0">
  <testcase name="testCase" time="3.389" classname="sampleTestCases.TestCaseOne"/>
</testsuite> <!-- sampleTestCases.TestCaseOne -->
