<?xml version="1.0" encoding="UTF-8"?>
<!-- Generated by org.testng.reporters.JUnitReportReporter -->
<testsuite hostname="SYS-SRIRAJA-PC" name="withdrawalScreen.PositiveFlow" tests="1" failures="0" timestamp="19 Mar 2019 05:50:01 GMT" time="0.001" errors="0">
  <testcase name="postiveFlowVerification" time="0.001" classname="withdrawalScreen.PositiveFlow"/>
</testsuite> <!-- withdrawalScreen.PositiveFlow -->
