<?xml version="1.0" encoding="UTF-8"?>
<!-- Generated by org.testng.reporters.JUnitReportReporter -->
<testsuite hostname="Sysnik_D036" name="rdAccountOpening.RdAccountOpeningTestCases" tests="2" failures="0" timestamp="23 Nov 2019 13:37:34 GMT" time="35.036" errors="0">
  <testcase name="verifyMaturityDate" time="23.718" classname="rdAccountOpening.RdAccountOpeningTestCases"/>
  <testcase name="verifyModelResponse" time="11.318" classname="rdAccountOpening.RdAccountOpeningTestCases"/>
</testsuite> <!-- rdAccountOpening.RdAccountOpeningTestCases -->
