<?xml version="1.0" encoding="UTF-8"?>
<!-- Generated by org.testng.reporters.JUnitReportReporter -->
<testsuite hostname="SYS-SRIRAJA-PC" name="currentAccount.CurrentAccountModifiaction" tests="10" failures="0" timestamp="9 Apr 2019 12:26:24 GMT" time="5.901" errors="0">
  <testcase name="verificationOfDataWithDB" time="0.314" classname="currentAccount.CurrentAccountModifiaction"/>
  <testcase name="verificationOfModifiedDataInsertionInDB" time="0.248" classname="currentAccount.CurrentAccountModifiaction"/>
  <testcase name="verificationOfFieldLevelValidation" time="0.272" classname="currentAccount.CurrentAccountModifiaction"/>
  <testcase name="verifyStatusOfaModifiedAccountAfterRejection" time="0.325" classname="currentAccount.CurrentAccountModifiaction"/>
  <testcase name="flowWithInvalidAccountNum" time="0.259" classname="currentAccount.CurrentAccountModifiaction"/>
  <testcase name="verifyStatusOfaModifiedAccount" time="3.409" classname="currentAccount.CurrentAccountModifiaction"/>
  <testcase name="verifyStatusOfaModifiedAccountAfterAuth" time="0.262" classname="currentAccount.CurrentAccountModifiaction"/>
  <testcase name="endToEndRejectionScenarion" time="0.270" classname="currentAccount.CurrentAccountModifiaction"/>
  <testcase name="labelVerification" time="0.264" classname="currentAccount.CurrentAccountModifiaction"/>
  <testcase name="endToEndAuthScenarion" time="0.278" classname="currentAccount.CurrentAccountModifiaction"/>
</testsuite> <!-- currentAccount.CurrentAccountModifiaction -->
