<?xml version="1.0" encoding="UTF-8"?>
<!-- Generated by org.testng.reporters.JUnitReportReporter -->
<testsuite hostname="SYS-SRIRAJA-PC" name="sysnik.AutoRead" tests="1" failures="0" timestamp="22 Apr 2019 06:29:20 GMT" time="0.047" errors="0">
  <testcase name="loadPFile" time="0.047" classname="sysnik.AutoRead"/>
</testsuite> <!-- sysnik.AutoRead -->
