<?xml version="1.0" encoding="UTF-8"?>
<!-- Generated by org.testng.reporters.JUnitReportReporter -->
<testsuite hostname="SYS-SRIRAJA-PC" name="currentAccount.CurrentAccountCreation" tests="11" failures="0" timestamp="20 Jun 2019 05:35:24 GMT" time="0.364" errors="0">
  <testcase name="verifyStatusBeforeAuth" time="0.000" classname="currentAccount.CurrentAccountCreation"/>
  <testcase name="verificationOfFieldLevelValidation" time="0.001" classname="currentAccount.CurrentAccountCreation"/>
  <testcase name="endToEndFlowWithValidCustomer" time="0.001" classname="currentAccount.CurrentAccountCreation"/>
  <testcase name="verifyStatusAfterAuth" time="0.000" classname="currentAccount.CurrentAccountCreation"/>
  <testcase name="comparisonCustomerInfoWithDb" time="0.001" classname="currentAccount.CurrentAccountCreation"/>
  <testcase name="verificationOfAccountNoInSIScreen" time="0.002" classname="currentAccount.CurrentAccountCreation"/>
  <testcase name="verifyStatusAfteeRejection" time="0.001" classname="currentAccount.CurrentAccountCreation"/>
  <testcase name="verifyAccDetailsInAuthScreen" time="0.001" classname="currentAccount.CurrentAccountCreation"/>
  <testcase name="verificationOfValidationMessageinCaseOfInvalidCustomer" time="0.001" classname="currentAccount.CurrentAccountCreation"/>
  <testcase name="labelVerification" time="0.355" classname="currentAccount.CurrentAccountCreation"/>
  <testcase name="verificationOfDataInsertion" time="0.001" classname="currentAccount.CurrentAccountCreation"/>
</testsuite> <!-- currentAccount.CurrentAccountCreation -->
