<?xml version="1.0" encoding="UTF-8"?>
<!-- Generated by org.testng.reporters.JUnitReportReporter -->
<testsuite hostname="SYS-SRIRAJA-PC" name="blackListingCustomerAutorization.BlackListingCustomerAuthorizationTestCases" tests="1" failures="0" timestamp="24 Jul 2019 13:11:06 GMT" time="18.010" errors="0">
  <testcase name="blackListingAutorizationE2EFlow" time="18.010" classname="blackListingCustomerAutorization.BlackListingCustomerAuthorizationTestCases"/>
</testsuite> <!-- blackListingCustomerAutorization.BlackListingCustomerAuthorizationTestCases -->
