<?xml version="1.0" encoding="UTF-8"?>
<!-- Generated by org.testng.reporters.JUnitReportReporter -->
<testsuite hostname="Sysnik_D036" name="adhocLimit.AdhocLimitEntryTestCases" tests="5" failures="0" timestamp="18 Nov 2019 06:12:52 GMT" time="34.443" errors="0">
  <testcase name="ValidateCustInfo" time="17.012" classname="adhocLimit.AdhocLimitEntryTestCases"/>
  <testcase name="adhocSubmitTableVerification" time="0.029" classname="adhocLimit.AdhocLimitEntryTestCases"/>
  <testcase name="duplicateEntry" time="5.411" classname="adhocLimit.AdhocLimitEntryTestCases"/>
  <testcase name="ValidateExpiryDate" time="1.151" classname="adhocLimit.AdhocLimitEntryTestCases"/>
  <testcase name="adhocSubmitMessageVerification" time="10.840" classname="adhocLimit.AdhocLimitEntryTestCases"/>
</testsuite> <!-- adhocLimit.AdhocLimitEntryTestCases -->
