<?xml version="1.0" encoding="UTF-8"?>
<!-- Generated by org.testng.reporters.JUnitReportReporter -->
<testsuite hostname="SYS-SRIRAJA-PC" name="sprintOne.NumberOfTablesOnHomeScreen" tests="1" failures="0" timestamp="17 Apr 2019 06:56:11 GMT" time="0.918" errors="0">
  <testcase name="postiveFlowVerification" time="0.918" classname="sprintOne.NumberOfTablesOnHomeScreen"/>
</testsuite> <!-- sprintOne.NumberOfTablesOnHomeScreen -->
