<?xml version="1.0" encoding="UTF-8"?>
<!-- Generated by org.testng.reporters.JUnitReportReporter -->
<testsuite hostname="Sysnik_D036" name="sysnik.TestNgSequence" tests="2" failures="0" timestamp="2 Nov 2019 14:24:56 GMT" time="0.005" errors="0">
  <testcase name="first" time="0.004" classname="sysnik.TestNgSequence"/>
  <testcase name="second" time="0.001" classname="sysnik.TestNgSequence"/>
</testsuite> <!-- sysnik.TestNgSequence -->
