<?xml version="1.0" encoding="UTF-8"?>
<!-- Generated by org.testng.reporters.JUnitReportReporter -->
<testsuite hostname="SYS-SRIRAJA-PC" name="sprintOne.TableTitleVerification" tests="1" failures="0" timestamp="17 Apr 2019 06:56:11 GMT" time="10.755" errors="0">
  <testcase name="postiveFlowVerification" time="10.755" classname="sprintOne.TableTitleVerification"/>
</testsuite> <!-- sprintOne.TableTitleVerification -->
