<?xml version="1.0" encoding="UTF-8"?>
<!-- Generated by org.testng.reporters.JUnitReportReporter -->
<testsuite hostname="Sysnik_D036" name="blackListingCustomer.BlackListingCustomerTestCases" tests="1" failures="0" timestamp="19 Nov 2019 11:25:44 GMT" time="30.914" errors="0">
  <testcase name="blackListingE2EFlow" time="30.914" classname="blackListingCustomer.BlackListingCustomerTestCases"/>
</testsuite> <!-- blackListingCustomer.BlackListingCustomerTestCases -->
