<?xml version="1.0" encoding="UTF-8"?>
<!-- Generated by org.testng.reporters.JUnitReportReporter -->
<testsuite hostname="Sysnik_D036" name="drawingPower.DrawingPowerEntryAuthorzationTestCases" tests="3" failures="0" timestamp="18 Nov 2019 06:12:52 GMT" time="185.429" errors="0">
  <testcase name="DPEntryAuthRejection" time="83.742" classname="drawingPower.DrawingPowerEntryAuthorzationTestCases"/>
  <testcase name="DrawingPowerEntryAuthorizationE2e" time="58.534" classname="drawingPower.DrawingPowerEntryAuthorzationTestCases"/>
  <testcase name="DrawingPowerEntryAuthLabelVerification" time="43.153" classname="drawingPower.DrawingPowerEntryAuthorzationTestCases"/>
</testsuite> <!-- drawingPower.DrawingPowerEntryAuthorzationTestCases -->
