<?xml version="1.0" encoding="UTF-8"?>
<!-- Generated by org.testng.reporters.JUnitReportReporter -->
<testsuite hostname="SYS-SRIRAJA-PC" name="setUp.SuiteSetUp" tests="1" failures="0" timestamp="3 Jul 2019 07:22:30 GMT" time="12.423" errors="0">
  <testcase name="setReport" time="12.423" classname="setUp.SuiteSetUp"/>
</testsuite> <!-- setUp.SuiteSetUp -->
