<?xml version="1.0" encoding="UTF-8"?>
<!-- Generated by org.testng.reporters.JUnitReportReporter -->
<testsuite hostname="Sysnik_D036" name="customerCreation.CustomerDeleteTestCases" tests="6" failures="0" timestamp="19 Nov 2019 05:10:23 GMT" time="55.657" errors="0">
  <testcase name="customerDeleteAuthDataVerification" time="13.358" classname="customerCreation.CustomerDeleteTestCases"/>
  <testcase name="customerDeleteEntryTableVerifications" time="0.031" classname="customerCreation.CustomerDeleteTestCases"/>
  <testcase name="customerDeleteAuthModelVerificationOnsubmit" time="11.222" classname="customerCreation.CustomerDeleteTestCases"/>
  <testcase name="customerDeleteAuthTableVerifications" time="0.013" classname="customerCreation.CustomerDeleteTestCases"/>
  <testcase name="customerDeleteDataVerification" time="19.347" classname="customerCreation.CustomerDeleteTestCases"/>
  <testcase name="customerDeleteModelVerificationOnsubmit" time="11.686" classname="customerCreation.CustomerDeleteTestCases"/>
</testsuite> <!-- customerCreation.CustomerDeleteTestCases -->
