<?xml version="1.0" encoding="UTF-8"?>
<!-- Generated by org.testng.reporters.JUnitReportReporter -->
<testsuite hostname="SYS-SRIRAJA-PC" name="sysnik.TestingAListOfDataBaseValues" tests="1" failures="0" timestamp="24 Apr 2019 11:30:07 GMT" time="0.315" errors="0">
  <testcase name="main" time="0.315" classname="sysnik.TestingAListOfDataBaseValues"/>
</testsuite> <!-- sysnik.TestingAListOfDataBaseValues -->
