<?xml version="1.0" encoding="UTF-8"?>
<!-- Generated by org.testng.reporters.JUnitReportReporter -->
<testsuite hostname="Sysnik_D036" name="blackListingCustomer.BlackListingCustomerAuthorizationTestCases" tests="1" failures="0" timestamp="19 Nov 2019 11:25:44 GMT" time="25.415" errors="0">
  <testcase name="blackListingAutorizationE2EFlow" time="25.415" classname="blackListingCustomer.BlackListingCustomerAuthorizationTestCases"/>
</testsuite> <!-- blackListingCustomer.BlackListingCustomerAuthorizationTestCases -->
