<?xml version="1.0" encoding="UTF-8"?>
<!-- Generated by org.testng.reporters.JUnitReportReporter -->
<testsuite hostname="Sysnik_D036" name="FDAccountOpening.FDAccountCreationTestCases" tests="5" failures="0" timestamp="23 Nov 2019 08:47:08 GMT" time="48.903" errors="0">
  <testcase name="verifyCustCategoryInFDOpening" time="0.832" classname="FDAccountOpening.FDAccountCreationTestCases"/>
  <testcase name="verifyModelResponse" time="11.291" classname="FDAccountOpening.FDAccountCreationTestCases"/>
  <testcase name="verifyMaturityDate" time="35.932" classname="FDAccountOpening.FDAccountCreationTestCases"/>
  <testcase name="maturityAmountVerification" time="0.732" classname="FDAccountOpening.FDAccountCreationTestCases"/>
  <testcase name="verifytablesInEntry" time="0.116" classname="FDAccountOpening.FDAccountCreationTestCases"/>
</testsuite> <!-- FDAccountOpening.FDAccountCreationTestCases -->
