<?xml version="1.0" encoding="UTF-8"?>
<!-- Generated by org.testng.reporters.JUnitReportReporter -->
<testsuite hostname="SYS-SRIRAJA-PC" name="sysnik.cacheUiIssue" tests="10" failures="0" timestamp="19 Jun 2019 09:29:57 GMT" time="10.747" errors="0">
  <testcase name="mainTest" time="0.934" classname="sysnik.cacheUiIssue"/>
  <testcase name="mainTest" time="0.976" classname="sysnik.cacheUiIssue"/>
  <testcase name="mainTest" time="1.743" classname="sysnik.cacheUiIssue"/>
  <testcase name="mainTest" time="0.988" classname="sysnik.cacheUiIssue"/>
  <testcase name="mainTest" time="0.705" classname="sysnik.cacheUiIssue"/>
  <testcase name="mainTest" time="1.056" classname="sysnik.cacheUiIssue"/>
  <testcase name="mainTest" time="0.952" classname="sysnik.cacheUiIssue"/>
  <testcase name="mainTest" time="1.520" classname="sysnik.cacheUiIssue"/>
  <testcase name="mainTest" time="0.953" classname="sysnik.cacheUiIssue"/>
  <testcase name="mainTest" time="0.920" classname="sysnik.cacheUiIssue"/>
</testsuite> <!-- sysnik.cacheUiIssue -->
