<?xml version="1.0" encoding="UTF-8"?>
<!-- Generated by org.testng.reporters.JUnitReportReporter -->
<testsuite hostname="Sysnik_D036" name="sysnik.FilloTesting" tests="1" failures="0" timestamp="17 Oct 2019 10:52:32 GMT" time="424.023" errors="0">
  <testcase name="fil" time="424.023" classname="sysnik.FilloTesting"/>
</testsuite> <!-- sysnik.FilloTesting -->
